{"uuid":"75278fac-1601-4ad9-b992-34321d0f8035","historyId":"2745436e253a3087a6438da5692209a7","fullName":"Create Order: Move to submit report","labels":[{"name":"host","value":"SS-LPT-HP-97WO"},{"name":"thread","value":"20988@SS-LPT-HP-97WO.main(1)"},{"name":"feature","value":"Create Order"},{"name":"story","value":"Move to submit report"},{"name":"suite","value":"Create Order"},{"name":"testClass","value":"Move to submit report"},{"name":"framework","value":"cucumber4jvm"},{"name":"language","value":"java"},{"name":"gherkin_uri","value":"file:///D:/repo/CucumberWithPom_CC_Final/src/test/resources/Features/CreateOrder.feature"},{"name":"package","value":"src.test.resources.Features.CreateOrder_feature.Create Order"}],"links":[],"name":"Move to submit report","status":"skipped","statusDetails":{"known":false,"muted":false,"flaky":false,"message":"Undefined Step. Please add step definition","trace":"java.lang.IllegalStateException: Undefined Step. Please add step definition\r\n\tat io.qameta.allure.cucumber6jvm.AllureCucumber6Jvm.handlePickleStep(AllureCucumber6Jvm.java:406)\r\n\tat io.qameta.allure.cucumber6jvm.AllureCucumber6Jvm.handleTestStepFinished(AllureCucumber6Jvm.java:242)\r\n\tat io.cucumber.core.eventbus.AbstractEventPublisher.send(AbstractEventPublisher.java:51)\r\n\tat io.cucumber.core.eventbus.AbstractEventBus.send(AbstractEventBus.java:12)\r\n\tat io.cucumber.core.runtime.SynchronizedEventBus.send(SynchronizedEventBus.java:47)\r\n\tat io.cucumber.core.runtime.ThreadLocalRunnerSupplier$LocalEventBus.send(ThreadLocalRunnerSupplier.java:66)\r\n\tat io.cucumber.core.runner.TestStep.emitTestStepFinished(TestStep.java:124)\r\n\tat io.cucumber.core.runner.TestStep.run(TestStep.java:74)\r\n\tat io.cucumber.core.runner.PickleStepTestStep.run(PickleStepTestStep.java:51)\r\n\tat io.cucumber.core.runner.TestCase.run(TestCase.java:104)\r\n\tat io.cucumber.core.runner.Runner.runPickle(Runner.java:73)\r\n\tat io.cucumber.junit.PickleRunners$NoStepDescriptions.run(PickleRunners.java:151)\r\n\tat io.cucumber.junit.FeatureRunner.runChild(FeatureRunner.java:135)\r\n\tat io.cucumber.junit.FeatureRunner.runChild(FeatureRunner.java:27)\r\n\tat org.junit.runners.ParentRunner$3.run(ParentRunner.java:238)\r\n\tat org.junit.runners.ParentRunner$1.schedule(ParentRunner.java:63)\r\n\tat org.junit.runners.ParentRunner.runChildren(ParentRunner.java:236)\r\n\tat org.junit.runners.ParentRunner.access$000(ParentRunner.java:53)\r\n\tat org.junit.runners.ParentRunner$2.evaluate(ParentRunner.java:229)\r\n\tat org.junit.runners.ParentRunner.run(ParentRunner.java:309)\r\n\tat io.cucumber.junit.Cucumber.runChild(Cucumber.java:200)\r\n\tat io.cucumber.junit.Cucumber.runChild(Cucumber.java:90)\r\n\tat org.junit.runners.ParentRunner$3.run(ParentRunner.java:238)\r\n\tat org.junit.runners.ParentRunner$1.schedule(ParentRunner.java:63)\r\n\tat org.junit.runners.ParentRunner.runChildren(ParentRunner.java:236)\r\n\tat org.junit.runners.ParentRunner.access$000(ParentRunner.java:53)\r\n\tat org.junit.runners.ParentRunner$2.evaluate(ParentRunner.java:229)\r\n\tat io.cucumber.junit.Cucumber$RunCucumber.evaluate(Cucumber.java:235)\r\n\tat org.junit.runners.ParentRunner.run(ParentRunner.java:309)\r\n\tat org.junit.runner.JUnitCore.run(JUnitCore.java:160)\r\n\tat com.intellij.junit4.JUnit4IdeaTestRunner.startRunnerWithArgs(JUnit4IdeaTestRunner.java:69)\r\n\tat com.intellij.rt.junit.IdeaTestRunner$Repeater$1.execute(IdeaTestRunner.java:38)\r\n\tat com.intellij.rt.execution.junit.TestsRepeater.repeat(TestsRepeater.java:11)\r\n\tat com.intellij.rt.junit.IdeaTestRunner$Repeater.startRunnerWithArgs(IdeaTestRunner.java:35)\r\n\tat com.intellij.rt.junit.JUnitStarter.prepareStreamsAndStart(JUnitStarter.java:235)\r\n\tat com.intellij.rt.junit.JUnitStarter.main(JUnitStarter.java:54)\r\n"},"stage":"finished","steps":[{"name":"Given  user is on View appraisal","statusDetails":{"known":false,"muted":false,"flaky":false,"message":"Undefined Step. Please add step definition","trace":"java.lang.IllegalStateException: Undefined Step. Please add step definition\r\n\tat io.qameta.allure.cucumber6jvm.AllureCucumber6Jvm.handlePickleStep(AllureCucumber6Jvm.java:406)\r\n\tat io.qameta.allure.cucumber6jvm.AllureCucumber6Jvm.handleTestStepFinished(AllureCucumber6Jvm.java:242)\r\n\tat io.cucumber.core.eventbus.AbstractEventPublisher.send(AbstractEventPublisher.java:51)\r\n\tat io.cucumber.core.eventbus.AbstractEventBus.send(AbstractEventBus.java:12)\r\n\tat io.cucumber.core.runtime.SynchronizedEventBus.send(SynchronizedEventBus.java:47)\r\n\tat io.cucumber.core.runtime.ThreadLocalRunnerSupplier$LocalEventBus.send(ThreadLocalRunnerSupplier.java:66)\r\n\tat io.cucumber.core.runner.TestStep.emitTestStepFinished(TestStep.java:124)\r\n\tat io.cucumber.core.runner.TestStep.run(TestStep.java:74)\r\n\tat io.cucumber.core.runner.PickleStepTestStep.run(PickleStepTestStep.java:51)\r\n\tat io.cucumber.core.runner.TestCase.run(TestCase.java:104)\r\n\tat io.cucumber.core.runner.Runner.runPickle(Runner.java:73)\r\n\tat io.cucumber.junit.PickleRunners$NoStepDescriptions.run(PickleRunners.java:151)\r\n\tat io.cucumber.junit.FeatureRunner.runChild(FeatureRunner.java:135)\r\n\tat io.cucumber.junit.FeatureRunner.runChild(FeatureRunner.java:27)\r\n\tat org.junit.runners.ParentRunner$3.run(ParentRunner.java:238)\r\n\tat org.junit.runners.ParentRunner$1.schedule(ParentRunner.java:63)\r\n\tat org.junit.runners.ParentRunner.runChildren(ParentRunner.java:236)\r\n\tat org.junit.runners.ParentRunner.access$000(ParentRunner.java:53)\r\n\tat org.junit.runners.ParentRunner$2.evaluate(ParentRunner.java:229)\r\n\tat org.junit.runners.ParentRunner.run(ParentRunner.java:309)\r\n\tat io.cucumber.junit.Cucumber.runChild(Cucumber.java:200)\r\n\tat io.cucumber.junit.Cucumber.runChild(Cucumber.java:90)\r\n\tat org.junit.runners.ParentRunner$3.run(ParentRunner.java:238)\r\n\tat org.junit.runners.ParentRunner$1.schedule(ParentRunner.java:63)\r\n\tat org.junit.runners.ParentRunner.runChildren(ParentRunner.java:236)\r\n\tat org.junit.runners.ParentRunner.access$000(ParentRunner.java:53)\r\n\tat org.junit.runners.ParentRunner$2.evaluate(ParentRunner.java:229)\r\n\tat io.cucumber.junit.Cucumber$RunCucumber.evaluate(Cucumber.java:235)\r\n\tat org.junit.runners.ParentRunner.run(ParentRunner.java:309)\r\n\tat org.junit.runner.JUnitCore.run(JUnitCore.java:160)\r\n\tat com.intellij.junit4.JUnit4IdeaTestRunner.startRunnerWithArgs(JUnit4IdeaTestRunner.java:69)\r\n\tat com.intellij.rt.junit.IdeaTestRunner$Repeater$1.execute(IdeaTestRunner.java:38)\r\n\tat com.intellij.rt.execution.junit.TestsRepeater.repeat(TestsRepeater.java:11)\r\n\tat com.intellij.rt.junit.IdeaTestRunner$Repeater.startRunnerWithArgs(IdeaTestRunner.java:35)\r\n\tat com.intellij.rt.junit.JUnitStarter.prepareStreamsAndStart(JUnitStarter.java:235)\r\n\tat com.intellij.rt.junit.JUnitStarter.main(JUnitStarter.java:54)\r\n"},"stage":"finished","steps":[],"attachments":[],"parameters":[],"start":1686141894780,"stop":1686141894783},{"name":"When  user click on action button","status":"skipped","statusDetails":{"known":false,"muted":false,"flaky":false},"stage":"finished","steps":[],"attachments":[],"parameters":[],"start":1686141894783,"stop":1686141894783},{"name":"When  user select submit submit appraisal report","status":"skipped","statusDetails":{"known":false,"muted":false,"flaky":false},"stage":"finished","steps":[],"attachments":[],"parameters":[],"start":1686141894785,"stop":1686141894785},{"name":"When  user should be redirected to the SubmitAppraisal page","status":"skipped","statusDetails":{"known":false,"muted":false,"flaky":false},"stage":"finished","steps":[],"attachments":[],"parameters":[],"start":1686141894785,"stop":1686141894786},{"name":"When  user click on choose file button","status":"skipped","statusDetails":{"known":false,"muted":false,"flaky":false},"stage":"finished","steps":[],"attachments":[],"parameters":[],"start":1686141894786,"stop":1686141894786},{"name":"When  user click on submit report button","status":"skipped","statusDetails":{"known":false,"muted":false,"flaky":false},"stage":"finished","steps":[],"attachments":[],"parameters":[],"start":1686141894787,"stop":1686141894787}],"attachments":[],"parameters":[],"start":1686141894779,"stop":1686141894789}